<?xml version="1.0" encoding="UTF-8"?>
<!-- Generated by org.testng.reporters.JUnitReportReporter -->
<testsuite hostname="ATMECSINDT-080" failures="0" tests="2" name="com.atmecs.konakart.testscripts.ValidateHomePage" time="28.439" errors="0" timestamp="07 Oct 2019 07:19:21 GMT" skipped="0">
  <testcase classname="com.atmecs.konakart.testscripts.ValidateHomePage" name="setup" time="20.515"/>
  <testcase classname="com.atmecs.konakart.testscripts.ValidateHomePage" name="validateTabs" time="7.924"/>
</testsuite> <!-- com.atmecs.konakart.testscripts.ValidateHomePage -->
