<?xml version="1.0" encoding="UTF-8"?>
<!-- Generated by org.testng.reporters.JUnitReportReporter -->
<testsuite hostname="ATMECSINDT-080" failures="0" tests="7" name="com.atmecs.konakart.testscripts.SearchPage" time="28.338" errors="0" timestamp="07 Oct 2019 07:18:17 GMT" skipped="0">
  <testcase classname="com.atmecs.konakart.testscripts.SearchPage" name="setup" time="17.326"/>
  <testcase classname="com.atmecs.konakart.testscripts.SearchPage" name="clickOnSearch" time="0.117"/>
  <testcase classname="com.atmecs.konakart.testscripts.SearchPage" name="selectFromDropDown" time="0.066"/>
  <testcase classname="com.atmecs.konakart.testscripts.SearchPage" name="enterData" time="2.772"/>
  <testcase classname="com.atmecs.konakart.testscripts.SearchPage" name="enterData" time="1.947"/>
  <testcase classname="com.atmecs.konakart.testscripts.SearchPage" name="validateValidOutcome" time="3.070"/>
  <testcase classname="com.atmecs.konakart.testscripts.SearchPage" name="validateInvalidOutcome" time="3.040"/>
</testsuite> <!-- com.atmecs.konakart.testscripts.SearchPage -->
