<?xml version="1.0" encoding="UTF-8"?>
<!-- Generated by org.testng.reporters.JUnitReportReporter -->
<testsuite hostname="ATMECSINDT-080" failures="0" tests="6" name="com.atmecs.konakart.testscripts.HeroImagePage" time="49.182" errors="0" timestamp="07 Oct 2019 09:23:34 GMT" skipped="0">
  <testcase classname="com.atmecs.konakart.testscripts.HeroImagePage" name="setup" time="17.108"/>
  <testcase classname="com.atmecs.konakart.testscripts.HeroImagePage" name="clickOnHeroImage" time="9.306"/>
  <testcase classname="com.atmecs.konakart.testscripts.HeroImagePage" name="navigateTabs" time="0.152"/>
  <testcase classname="com.atmecs.konakart.testscripts.HeroImagePage" name="validateContentOfTabs" time="12.274"/>
  <testcase classname="com.atmecs.konakart.testscripts.HeroImagePage" name="validateSortByNumber" time="5.542"/>
  <testcase classname="com.atmecs.konakart.testscripts.HeroImagePage" name="validateSortByActions" time="4.800"/>
</testsuite> <!-- com.atmecs.konakart.testscripts.HeroImagePage -->
